<?xml version="1.0"?><coverage lines-covered="123" lines-valid="387" line-rate="0.3178294573643411" branches-covered="0" branches-valid="0" branch-rate="0" complexity="0" version="1.9" timestamp="1729030102"><sources><source>/home/runner/work/scopa/scopa</source></sources><packages><package name="src/domain" line-rate="0.643979057591623" branch-rate="0" complexity="0"><classes><class name="game" filename="src/domain/game.rs" line-rate="0.45" branch-rate="0" complexity="0"><methods/><lines><line number="11" hits="0"/><line number="12" hits="0"/><line number="19" hits="0"/><line number="20" hits="0"/><line number="21" hits="0"/><line number="22" hits="0"/><line number="23" hits="0"/><line number="40" hits="0"/><line number="41" hits="0"/><line number="48" hits="4"/><line number="49" hits="0"/><line number="54" hits="1"/><line number="55" hits="0"/><line number="60" hits="4"/><line number="62" hits="4"/><line number="69" hits="2"/><line number="71" hits="1"/><line number="78" hits="2"/><line number="87" hits="1"/><line number="89" hits="1"/></lines></class><class name="points" filename="src/domain/points.rs" line-rate="0.29411764705882354" branch-rate="0" complexity="0"><methods/><lines><line number="7" hits="1"/><line number="15" hits="0"/><line number="16" hits="0"/><line number="17" hits="0"/><line number="19" hits="0"/><line number="21" hits="0"/><line number="22" hits="0"/><line number="28" hits="0"/><line number="29" hits="0"/><line number="34" hits="3"/><line number="35" hits="1"/><line number="42" hits="3"/><line number="43" hits="1"/><line number="48" hits="0"/><line number="49" hits="0"/><line number="54" hits="0"/><line number="55" hits="0"/></lines></class><class name="round" filename="src/domain/round.rs" line-rate="0.7" branch-rate="0" complexity="0"><methods/><lines><line number="15" hits="2"/><line number="16" hits="1"/><line number="17" hits="2"/><line number="20" hits="1"/><line number="21" hits="1"/><line number="22" hits="1"/><line number="25" hits="1"/><line number="26" hits="1"/><line number="27" hits="1"/><line number="30" hits="1"/><line number="31" hits="1"/><line number="32" hits="1"/><line number="35" hits="1"/><line number="36" hits="1"/><line number="37" hits="1"/><line number="40" hits="2"/><line number="41" hits="7"/><line number="42" hits="3"/><line number="43" hits="1"/><line number="44" hits="3"/><line number="45" hits="1"/><line number="46" hits="3"/><line number="47" hits="1"/><line number="50" hits="1"/><line number="51" hits="7"/><line number="54" hits="0"/><line number="55" hits="0"/><line number="58" hits="0"/><line number="59" hits="0"/><line number="62" hits="0"/><line number="63" hits="0"/><line number="66" hits="0"/><line number="67" hits="0"/><line number="70" hits="0"/><line number="71" hits="0"/><line number="78" hits="0"/><line number="79" hits="0"/><line number="82" hits="2"/><line number="83" hits="4"/><line number="85" hits="8"/></lines></class><class name="round_number" filename="src/domain/round_number.rs" line-rate="0" branch-rate="0" complexity="0"><methods/><lines><line number="5" hits="0"/><line number="11" hits="0"/><line number="12" hits="0"/></lines></class><class name="target" filename="src/domain/target.rs" line-rate="0.1111111111111111" branch-rate="0" complexity="0"><methods/><lines><line number="11" hits="1"/><line number="19" hits="0"/><line number="20" hits="0"/><line number="21" hits="0"/><line number="23" hits="0"/><line number="25" hits="0"/><line number="26" hits="0"/><line number="32" hits="0"/><line number="33" hits="0"/></lines></class><class name="team" filename="src/domain/team.rs" line-rate="0.8823529411764706" branch-rate="0" complexity="0"><methods/><lines><line number="17" hits="1"/><line number="19" hits="1"/><line number="20" hits="2"/><line number="25" hits="2"/><line number="26" hits="3"/><line number="29" hits="1"/><line number="30" hits="1"/><line number="33" hits="1"/><line number="34" hits="1"/><line number="37" hits="1"/><line number="38" hits="1"/><line number="41" hits="0"/><line number="42" hits="0"/><line number="49" hits="1"/><line number="50" hits="1"/><line number="53" hits="4"/><line number="54" hits="8"/></lines></class><class name="team_count" filename="src/domain/team_count.rs" line-rate="0.8333333333333334" branch-rate="0" complexity="0"><methods/><lines><line number="5" hits="0"/><line number="11" hits="1"/><line number="17" hits="1"/><line number="18" hits="1"/><line number="23" hits="1"/><line number="24" hits="1"/></lines></class><class name="team_id" filename="src/domain/team_id.rs" line-rate="1" branch-rate="0" complexity="0"><methods/><lines><line number="7" hits="1"/><line number="8" hits="1"/><line number="13" hits="1"/><line number="14" hits="1"/></lines></class><class name="team_name" filename="src/domain/team_name.rs" line-rate="0.25" branch-rate="0" complexity="0"><methods/><lines><line number="7" hits="2"/><line number="8" hits="2"/><line number="15" hits="0"/><line number="16" hits="0"/><line number="23" hits="0"/><line number="24" hits="0"/><line number="29" hits="0"/><line number="30" hits="0"/></lines></class></classes></package><package name="src/pages" line-rate="0" branch-rate="0" complexity="0"><classes><class name="home" filename="src/pages/home.rs" line-rate="0" branch-rate="0" complexity="0"><methods/><lines><line number="8" hits="0"/><line number="10" hits="0"/><line number="11" hits="0"/><line number="14" hits="0"/></lines></class></classes></package><package name="src/components" line-rate="0" branch-rate="0" complexity="0"><classes></classes></package><package name="src/components/state" line-rate="0" branch-rate="0" complexity="0"><classes><class name="finished_game" filename="src/components/state/finished_game.rs" line-rate="0" branch-rate="0" complexity="0"><methods/><lines><line number="7" hits="0"/><line number="11" hits="0"/><line number="13" hits="0"/><line number="15" hits="0"/><line number="16" hits="0"/><line number="19" hits="0"/><line number="21" hits="0"/><line number="22" hits="0"/><line number="25" hits="0"/><line number="26" hits="0"/><line number="28" hits="0"/><line number="29" hits="0"/><line number="30" hits="0"/><line number="31" hits="0"/><line number="32" hits="0"/><line number="36" hits="0"/><line number="37" hits="0"/><line number="40" hits="0"/><line number="41" hits="0"/><line number="43" hits="0"/><line number="47" hits="0"/></lines></class><class name="playing_game" filename="src/components/state/playing_game.rs" line-rate="0" branch-rate="0" complexity="0"><methods/><lines><line number="7" hits="0"/><line number="11" hits="0"/><line number="12" hits="0"/><line number="14" hits="0"/><line number="16" hits="0"/><line number="17" hits="0"/><line number="18" hits="0"/><line number="19" hits="0"/><line number="20" hits="0"/><line number="23" hits="0"/><line number="49" hits="0"/><line number="50" hits="0"/><line number="53" hits="0"/></lines></class><class name="starting_game" filename="src/components/state/starting_game.rs" line-rate="0" branch-rate="0" complexity="0"><methods/><lines><line number="7" hits="0"/><line number="12" hits="0"/><line number="14" hits="0"/><line number="15" hits="0"/><line number="16" hits="0"/><line number="19" hits="0"/><line number="20" hits="0"/><line number="21" hits="0"/><line number="23" hits="0"/><line number="24" hits="0"/><line number="27" hits="0"/><line number="28" hits="0"/><line number="29" hits="0"/><line number="32" hits="0"/><line number="58" hits="0"/><line number="60" hits="0"/><line number="61" hits="0"/><line number="64" hits="0"/><line number="65" hits="0"/><line number="66" hits="0"/><line number="69" hits="0"/><line number="85" hits="0"/><line number="86" hits="0"/><line number="87" hits="0"/><line number="88" hits="0"/><line number="92" hits="0"/><line number="93" hits="0"/><line number="101" hits="0"/><line number="115" hits="0"/><line number="117" hits="0"/></lines></class></classes></package><package name="src/domain/state" line-rate="0.8059701492537313" branch-rate="0" complexity="0"><classes><class name="finished_state" filename="src/domain/state/finished_state.rs" line-rate="0.38461538461538464" branch-rate="0" complexity="0"><methods/><lines><line number="15" hits="1"/><line number="17" hits="1"/><line number="18" hits="1"/><line number="24" hits="0"/><line number="25" hits="0"/><line number="28" hits="0"/><line number="29" hits="0"/><line number="30" hits="0"/><line number="31" hits="0"/><line number="36" hits="0"/><line number="37" hits="0"/><line number="42" hits="1"/><line number="43" hits="1"/></lines></class><class name="playing_state" filename="src/domain/state/playing_state.rs" line-rate="0.9354838709677419" branch-rate="0" complexity="0"><methods/><lines><line number="14" hits="3"/><line number="16" hits="1"/><line number="17" hits="3"/><line number="21" hits="0"/><line number="22" hits="0"/><line number="25" hits="1"/><line number="26" hits="2"/><line number="27" hits="3"/><line number="29" hits="1"/><line number="31" hits="2"/><line number="32" hits="1"/><line number="33" hits="2"/><line number="39" hits="4"/><line number="41" hits="4"/><line number="43" hits="3"/><line number="44" hits="6"/><line number="46" hits="6"/><line number="47" hits="3"/><line number="48" hits="5"/><line number="50" hits="3"/><line number="52" hits="4"/><line number="53" hits="4"/><line number="54" hits="2"/><line number="56" hits="3"/><line number="57" hits="4"/><line number="58" hits="1"/><line number="61" hits="2"/><line number="66" hits="1"/><line number="67" hits="1"/><line number="72" hits="1"/><line number="73" hits="1"/></lines></class><class name="starting_state" filename="src/domain/state/starting_state.rs" line-rate="0.8695652173913043" branch-rate="0" complexity="0"><methods/><lines><line number="13" hits="3"/><line number="14" hits="12"/><line number="15" hits="0"/><line number="17" hits="4"/><line number="18" hits="4"/><line number="22" hits="1"/><line number="23" hits="2"/><line number="24" hits="3"/><line number="25" hits="1"/><line number="27" hits="1"/><line number="31" hits="2"/><line number="32" hits="2"/><line number="35" hits="1"/><line number="36" hits="1"/><line number="41" hits="0"/><line number="42" hits="0"/><line number="45" hits="2"/><line number="46" hits="2"/><line number="47" hits="3"/><line number="48" hits="2"/><line number="50" hits="1"/><line number="57" hits="1"/><line number="58" hits="1"/></lines></class></classes></package><package name="src/components/domain" line-rate="0" branch-rate="0" complexity="0"><classes><class name="cards_icon" filename="src/components/domain/cards_icon.rs" line-rate="0" branch-rate="0" complexity="0"><methods/><lines><line number="4" hits="0"/><line number="9" hits="0"/><line number="12" hits="0"/><line number="16" hits="0"/><line number="18" hits="0"/><line number="35" hits="0"/><line number="42" hits="0"/><line number="43" hits="0"/><line number="45" hits="0"/><line number="55" hits="0"/><line number="56" hits="0"/><line number="57" hits="0"/><line number="58" hits="0"/><line number="59" hits="0"/><line number="60" hits="0"/><line number="61" hits="0"/><line number="62" hits="0"/></lines></class><class name="points" filename="src/components/domain/points.rs" line-rate="0" branch-rate="0" complexity="0"><methods/><lines><line number="6" hits="0"/><line number="9" hits="0"/><line number="15" hits="0"/><line number="24" hits="0"/><line number="26" hits="0"/><line number="27" hits="0"/><line number="29" hits="0"/><line number="30" hits="0"/><line number="31" hits="0"/><line number="35" hits="0"/><line number="53" hits="0"/></lines></class><class name="round" filename="src/components/domain/round.rs" line-rate="0" branch-rate="0" complexity="0"><methods/><lines><line number="8" hits="0"/><line number="12" hits="0"/><line number="14" hits="0"/><line number="15" hits="0"/><line number="19" hits="0"/><line number="20" hits="0"/><line number="21" hits="0"/><line number="22" hits="0"/><line number="23" hits="0"/><line number="24" hits="0"/><line number="25" hits="0"/><line number="28" hits="0"/><line number="30" hits="0"/><line number="31" hits="0"/><line number="32" hits="0"/><line number="33" hits="0"/><line number="34" hits="0"/><line number="36" hits="0"/><line number="37" hits="0"/><line number="38" hits="0"/><line number="39" hits="0"/><line number="40" hits="0"/><line number="41" hits="0"/><line number="45" hits="0"/><line number="46" hits="0"/><line number="48" hits="0"/><line number="74" hits="0"/><line number="84" hits="0"/><line number="97" hits="0"/><line number="109" hits="0"/><line number="127" hits="0"/><line number="129" hits="0"/><line number="131" hits="0"/><line number="132" hits="0"/><line number="135" hits="0"/><line number="136" hits="0"/><line number="139" hits="0"/><line number="160" hits="0"/><line number="162" hits="0"/><line number="163" hits="0"/><line number="164" hits="0"/><line number="165" hits="0"/><line number="166" hits="0"/><line number="167" hits="0"/><line number="170" hits="0"/><line number="173" hits="0"/><line number="174" hits="0"/><line number="175" hits="0"/><line number="176" hits="0"/><line number="177" hits="0"/><line number="178" hits="0"/><line number="181" hits="0"/><line number="184" hits="0"/><line number="185" hits="0"/><line number="186" hits="0"/><line number="187" hits="0"/><line number="188" hits="0"/><line number="191" hits="0"/><line number="218" hits="0"/><line number="219" hits="0"/><line number="220" hits="0"/><line number="221" hits="0"/><line number="222" hits="0"/><line number="223" hits="0"/><line number="224" hits="0"/></lines></class><class name="round_number" filename="src/components/domain/round_number.rs" line-rate="0" branch-rate="0" complexity="0"><methods/><lines><line number="6" hits="0"/><line number="9" hits="0"/><line number="21" hits="0"/></lines></class><class name="target" filename="src/components/domain/target.rs" line-rate="0" branch-rate="0" complexity="0"><methods/><lines><line number="6" hits="0"/><line number="9" hits="0"/><line number="19" hits="0"/><line number="26" hits="0"/><line number="27" hits="0"/><line number="28" hits="0"/><line number="29" hits="0"/><line number="33" hits="0"/><line number="54" hits="0"/></lines></class><class name="team_name" filename="src/components/domain/team_name.rs" line-rate="0" branch-rate="0" complexity="0"><methods/><lines><line number="6" hits="0"/><line number="9" hits="0"/><line number="15" hits="0"/><line number="23" hits="0"/><line number="25" hits="0"/><line number="26" hits="0"/><line number="27" hits="0"/><line number="30" hits="0"/><line number="31" hits="0"/><line number="32" hits="0"/><line number="33" hits="0"/><line number="37" hits="0"/></lines></class></classes></package><package name="src/components/ui" line-rate="0" branch-rate="0" complexity="0"><classes><class name="glow" filename="src/components/ui/glow.rs" line-rate="0" branch-rate="0" complexity="0"><methods/><lines><line number="4" hits="0"/><line number="9" hits="0"/></lines></class><class name="icon" filename="src/components/ui/icon.rs" line-rate="0" branch-rate="0" complexity="0"><methods/><lines><line number="4" hits="0"/><line number="11" hits="0"/></lines></class><class name="scopa_footer" filename="src/components/ui/scopa_footer.rs" line-rate="0" branch-rate="0" complexity="0"><methods/><lines><line number="5" hits="0"/></lines></class><class name="scopa_header" filename="src/components/ui/scopa_header.rs" line-rate="0" branch-rate="0" complexity="0"><methods/><lines><line number="7" hits="0"/></lines></class></classes></package><package name="src" line-rate="0.3178294573643411" branch-rate="0" complexity="0"><classes><class name="main" filename="src/main.rs" line-rate="0" branch-rate="0" complexity="0"><methods/><lines><line number="12" hits="0"/><line number="13" hits="0"/><line number="14" hits="0"/><line number="17" hits="0"/><line number="18" hits="0"/></lines></class></classes></package></packages></coverage>